<?xml version="1.0" encoding="UTF-8"?>
<testsuite xmlns:xsi="http://www.w3.org/2001/XMLSchema-instance" xsi:noNamespaceSchemaLocation="https://maven.apache.org/surefire/maven-surefire-plugin/xsd/surefire-test-report.xsd" version="3.0.2" name="com.travelmate.PublicApiSmokeTests" time="11.482" tests="3" errors="0" skipped="0" failures="0" flakes="0">
  <properties>
[...]
</properties>
  <testcase name="publicReadApisReturnUnifiedSuccessPayloads" classname="com.travelmate.PublicApiSmokeTests" time="0.503">
    <system-out><![CDATA[
  .   ____          _            __ _ _
 /\\ / ___'_ __ _ _(_)_ __  __ _ \ \ \ \
( ( )\___ | '_ | '_| | '_ \/ _` | \ \ \ \
 \\/  ___)| |_)| | | | | || (_| |  ) ) ) )
  '  |____| .__|_| |_|_| |_\__, | / / / /
 =========|_|==============|___/=/_/_/_/

 :: Spring Boot ::               (v3.5.15)

2026-09-02T02:21:00.168Z  INFO 3324 --- [           main] com.travelmate.PublicApiSmokeTests       : Starting PublicApiSmokeTests using Java 21.0.12.1 with PID 3324 (started by runner in /home/runner/work/Software_engineering/Software_engineering/backend)
2026-09-02T02:21:00.170Z  INFO 3324 --- [           main] com.travelmate.PublicApiSmokeTests       : The following 1 profile is active: "test"
2026-09-02T02:21:01.988Z  INFO 3324 --- [           main] .s.d.r.c.RepositoryConfigurationDelegate : Multiple Spring Data modules found, entering strict repository configuration mode
2026-09-02T02:21:01.993Z  INFO 3324 --- [           main] .s.d.r.c.RepositoryConfigurationDelegate : Bootstrapping Spring Data Redis repositories in DEFAULT mode.
2026-09-02T02:21:02.051Z  INFO 3324 --- [           main] .s.d.r.c.RepositoryConfigurationDelegate : Finished Spring Data repository scanning in 29 ms. Found 0 Redis repository interfaces.
2026-09-02T02:21:02.250Z  WARN 3324 --- [           main] o.m.s.mapper.ClassPathMapperScanner      : Skipping MapperFactoryBean with name 'adminBootstrapMapper' and 'com.travelmate.backend.mapper.AdminBootstrapMapper' mapperInterface. Bean already defined with the same name!
2026-09-02T02:21:02.251Z  WARN 3324 --- [           main] o.m.s.mapper.ClassPathMapperScanner      : Skipping MapperFactoryBean with name 'refreshSessionMapper' and 'com.travelmate.backend.mapper.RefreshSessionMapper' mapperInterface. Bean already defined with the same name!
2026-09-02T02:21:02.251Z  WARN 3324 --- [           main] o.m.s.mapper.ClassPathMapperScanner      : Skipping MapperFactoryBean with name 'userMapper' and 'com.travelmate.backend.mapper.UserMapper' mapperInterface. Bean already defined with the same name!
2026-09-02T02:21:03.366Z  INFO 3324 --- [           main] com.zaxxer.hikari.HikariDataSource       : HikariPool-1 - Starting...
2026-09-02T02:21:03.703Z  INFO 3324 --- [           main] com.zaxxer.hikari.pool.HikariPool        : HikariPool-1 - Added connection conn0: url=jdbc:h2:mem:travelmate-test user=SA
2026-09-02T02:21:03.706Z  INFO 3324 --- [           main] com.zaxxer.hikari.HikariDataSource       : HikariPool-1 - Start completed.
Logging initialized using 'class org.apache.ibatis.logging.stdout.StdOutImpl' adapter.
Get /10.1.0.56 network interface 
Get network interface info: name:eth0 (eth0)
Initialization Sequence datacenterId:3 workerId:21
 _ _   |_  _ _|_. ___ _ |    _ 
| | |\/|_)(_| | |_\  |_)||_|_\ 
     /               |         
                        3.5.7 
2026-09-02T02:21:07.322Z  WARN 3324 --- [           main] .s.s.UserDetailsServiceAutoConfiguration : 

Using generated security password: d93c1819-7bdd-4ae5-aaba-ec7f4c082cf2

This generated password is for development use only. Your security configuration must be updated before running your application in production.

2026-09-02T02:21:07.333Z  INFO 3324 --- [           main] r$InitializeUserDetailsManagerConfigurer : Global AuthenticationManager configured with UserDetailsService bean with name inMemoryUserDetailsManager
2026-09-02T02:21:07.749Z  WARN 3324 --- [           main] o.s.w.s.resource.ResourceHandlerUtils    : Appended trailing slash to static resource location: file:///home/runner/work/Software_engineering/Software_engineering/backend/uploads/
2026-09-02T02:21:07.749Z  WARN 3324 --- [           main] o.s.w.s.resource.ResourceHandlerUtils    : Appended trailing slash to static resource location: file:///home/runner/work/Software_engineering/Software_engineering/backend/uploads/
2026-09-02T02:21:07.751Z  WARN 3324 --- [           main] o.s.w.s.resource.ResourceHandlerUtils    : Appended trailing slash to static resource location: file:///home/runner/work/Software_engineering/Software_engineering/backend/backend/uploads/
2026-09-02T02:21:07.751Z  WARN 3324 --- [           main] o.s.w.s.resource.ResourceHandlerUtils    : Appended trailing slash to static resource location: file:///home/runner/work/Software_engineering/Software_engineering/uploads/
2026-09-02T02:21:07.935Z  INFO 3324 --- [           main] o.s.b.a.e.web.EndpointLinksResolver      : Exposing 1 endpoint beneath base path '/actuator'
2026-09-02T02:21:08.338Z  INFO 3324 --- [           main] o.s.v.b.OptionalValidatorFactoryBean     : Failed to set up a Bean Validation provider: jakarta.validation.NoProviderFoundException: Unable to create a Configuration, because no Jakarta Bean Validation provider could be found. Add a provider like Hibernate Validator (RI) to your classpath.
2026-09-02T02:21:09.049Z  INFO 3324 --- [           main] o.s.b.t.m.w.SpringBootMockServletContext : Initializing Spring TestDispatcherServlet ''
2026-09-02T02:21:09.050Z  INFO 3324 --- [           main] o.s.t.web.servlet.TestDispatcherServlet  : Initializing Servlet ''
2026-09-02T02:21:09.051Z  INFO 3324 --- [           main] o.s.t.web.servlet.TestDispatcherServlet  : Completed initialization in 1 ms
2026-09-02T02:21:09.201Z  INFO 3324 --- [           main] com.travelmate.PublicApiSmokeTests       : Started PublicApiSmokeTests in 9.694 seconds (process running for 16.729)
Creating a new SqlSession
SqlSession [org.apache.ibatis.session.defaults.DefaultSqlSession@5880da84] was not registered for synchronization because synchronization is not active
JDBC Connection [HikariProxyConnection@1833352568 wrapping conn0: url=jdbc:h2:mem:travelmate-test user=SA] will not be managed by Spring
==>  Preparing: INSERT INTO sys_log ( username, method, params, ip, time_ms, status, create_time ) VALUES ( ?, ?, ?, ?, ?, ?, ? )
==> Parameters: anonymousUser(String), FlightController.search(..)(String), ["北京","上海",null](String), 127.0.0.1(String), 12(Long), 1(Integer), 2026-09-02T02:21:09.656678123(LocalDateTime)
<==    Updates: 1
Closing non transactional SqlSession [org.apache.ibatis.session.defaults.DefaultSqlSession@5880da84]
Creating a new SqlSession
SqlSession [org.apache.ibatis.session.defaults.DefaultSqlSession@2470193a] was not registered for synchronization because synchronization is not active
JDBC Connection [HikariProxyConnection@1636692310 wrapping conn0: url=jdbc:h2:mem:travelmate-test user=SA] will not be managed by Spring
==>  Preparing: INSERT INTO sys_log ( username, method, params, ip, time_ms, status, create_time ) VALUES ( ?, ?, ?, ?, ?, ?, ? )
==> Parameters: anonymousUser(String), TrainController.search(..)(String), ["北京南","上海虹桥",null,null,null](String), 127.0.0.1(String), 1(Long), 1(Integer), 2026-09-02T02:21:09.935138913(LocalDateTime)
<==    Updates: 1
Closing non transactional SqlSession [org.apache.ibatis.session.defaults.DefaultSqlSession@2470193a]
Creating a new SqlSession
SqlSession [org.apache.ibatis.session.defaults.DefaultSqlSession@6675189a] was not registered for synchronization because synchronization is not active
JDBC Connection [HikariProxyConnection@1322968415 wrapping conn0: url=jdbc:h2:mem:travelmate-test user=SA] will not be managed by Spring
==>  Preparing: INSERT INTO sys_log ( username, method, params, ip, time_ms, status, create_time ) VALUES ( ?, ?, ?, ?, ?, ?, ? )
==> Parameters: anonymousUser(String), HotelController.searchHotels(..)(String), ["上海",null,null,null,null,null](String), 127.0.0.1(String), 1(Long), 1(Integer), 2026-09-02T02:21:09.947320567(LocalDateTime)
<==    Updates: 1
Closing non transactional SqlSession [org.apache.ibatis.session.defaults.DefaultSqlSession@6675189a]
Creating a new SqlSession
SqlSession [org.apache.ibatis.session.defaults.DefaultSqlSession@2952ecec] was not registered for synchronization because synchronization is not active
JDBC Connection [HikariProxyConnection@597076361 wrapping conn0: url=jdbc:h2:mem:travelmate-test user=SA] will not be managed by Spring
==>  Preparing: INSERT INTO sys_log ( username, method, params, ip, time_ms, status, create_time ) VALUES ( ?, ?, ?, ?, ?, ?, ? )
==> Parameters: anonymousUser(String), AttractionController.searchAttractions(..)(String), ["北京"](String), 127.0.0.1(String), 1(Long), 1(Integer), 2026-09-02T02:21:09.955556745(LocalDateTime)
<==    Updates: 1
Closing non transactional SqlSession [org.apache.ibatis.session.defaults.DefaultSqlSession@2952ecec]
Creating a new SqlSession
SqlSession [org.apache.ibatis.session.defaults.DefaultSqlSession@3e814cf5] was not registered for synchronization because synchronization is not active
JDBC Connection [HikariProxyConnection@340437373 wrapping conn0: url=jdbc:h2:mem:travelmate-test user=SA] will not be managed by Spring
==>  Preparing: INSERT INTO sys_log ( username, method, params, ip, time_ms, status, create_time ) VALUES ( ?, ?, ?, ?, ?, ?, ? )
==> Parameters: anonymousUser(String), PostController.listPosts(..)(String), [1,5,null](String), 127.0.0.1(String), 1(Long), 1(Integer), 2026-09-02T02:21:09.966659602(LocalDateTime)
<==    Updates: 1
Closing non transactional SqlSession [org.apache.ibatis.session.defaults.DefaultSqlSession@3e814cf5]
Creating a new SqlSession
SqlSession [org.apache.ibatis.session.defaults.DefaultSqlSession@66286c8] was not registered for synchronization because synchronization is not active
JDBC Connection [HikariProxyConnection@1636112847 wrapping conn0: url=jdbc:h2:mem:travelmate-test user=SA] will not be managed by Spring
==>  Preparing: INSERT INTO sys_log ( username, method, params, ip, time_ms, status, create_time ) VALUES ( ?, ?, ?, ?, ?, ?, ? )
==> Parameters: anonymousUser(String), CouponController.listAvailable()(String), (String), 127.0.0.1(String), 1(Long), 1(Integer), 2026-09-02T02:21:09.975795402(LocalDateTime)
<==    Updates: 1
Closing non transactional SqlSession [org.apache.ibatis.session.defaults.DefaultSqlSession@66286c8]
]]></system-out>
  </testcase>
  <testcase name="wrongLoginKeepsHttpOkButReturnsBusinessError" classname="com.travelmate.PublicApiSmokeTests" time="0.458"/>
  <testcase name="authenticatedBusinessApisRejectAnonymousOrderAndAiRequests" classname="com.travelmate.PublicApiSmokeTests" time="0.018"/>
</testsuite>